<?xml version="1.0" encoding="UTF-8"?>
<!-- Generated by org.testng.reporters.JUnitXMLReporter -->
<testsuite ignored="2" hostname="DESKTOP-RCCME7K" failures="0" tests="1" name="Default test" time="66.704" errors="0" timestamp="2022-12-25T20:40:10 IST">
  <testcase classname="jt.test.loginOrangeTest" name="verifyValidLoginCredential" time="4.477"/>
  <testcase classname="jt.test.loginOrangeTest" name="verifyContentOnLoginPage" time="0.0">
    <ignored/>
  </testcase> <!-- verifyContentOnLoginPage -->
  <testcase classname="jt.test.loginOrangeTest" name="verifyInvalideCredentianal" time="0.0">
    <ignored/>
  </testcase> <!-- verifyInvalideCredentianal -->
</testsuite> <!-- Default test -->
