<?xml version="1.0" encoding="UTF-8"?>
<!-- Generated by org.testng.reporters.JUnitXMLReporter -->
<testsuite ignored="10" hostname="DESKTOP-RCCME7K" failures="0" tests="4" name="firfox" time="25.094" errors="0" timestamp="2022-12-16T10:42:06 IST">
  <testcase classname="jt.OrangeHrmLoginPage" name="launchApplication" time="22.571"/>
  <testcase classname="jt.OrangeHrmLoginPage" name="validateContent" time="2.137"/>
  <testcase classname="jt.Annotation" name="app" time="0.002"/>
  <testcase classname="jt.Annotation" name="login" time="0.004"/>
  <testcase classname="jt.OrangeHrmLoginPage" name="VerifyValidCred" time="0.0">
    <ignored/>
  </testcase> <!-- VerifyValidCred -->
  <testcase classname="jt.Annotation" name="xyz" time="0.0">
    <ignored/>
  </testcase> <!-- xyz -->
  <testcase classname="jt.Annotation" name="method4" time="0.0">
    <ignored/>
  </testcase> <!-- method4 -->
  <testcase classname="jt.OrangeHrmLoginPage" name="VerifyInvalidCred" time="0.0">
    <ignored/>
  </testcase> <!-- VerifyInvalidCred -->
  <testcase classname="jt.Annotation" name="method7" time="0.0">
    <ignored/>
  </testcase> <!-- method7 -->
  <testcase classname="jt.Annotation" name="testcase1" time="0.0">
    <ignored/>
  </testcase> <!-- testcase1 -->
  <testcase classname="jt.Annotation" name="mehtod9" time="0.0">
    <ignored/>
  </testcase> <!-- mehtod9 -->
  <testcase classname="jt.Annotation" name="method" time="0.0">
    <ignored/>
  </testcase> <!-- method -->
  <testcase classname="jt.Annotation" name="method8" time="0.0">
    <ignored/>
  </testcase> <!-- method8 -->
  <testcase classname="jt.Annotation" name="method1" time="0.0">
    <ignored/>
  </testcase> <!-- method1 -->
</testsuite> <!-- firfox -->
