<?xml version="1.0" encoding="UTF-8"?>
<testsuite xmlns:xsi="http://www.w3.org/2001/XMLSchema-instance" xsi:noNamespaceSchemaLocation="https://maven.apache.org/surefire/maven-surefire-plugin/xsd/surefire-test-report.xsd" name="TestSuite" time="135.983" tests="5" errors="0" skipped="0" failures="1">
  <properties>
[...]
</properties>
  <testcase name="verifyContentOnLoginPage" classname="jt.test.loginOrangeTest" time="2.278">
    <failure message="The following asserts failed:&#10;	Verify the hero image expected [true] but found [false]" type="java.lang.AssertionError">java.lang.AssertionError: 
The following asserts failed:
	Verify the hero image expected [true] but found [false]
	at jt.test.loginOrangeTest.verifyContentOnLoginPage(loginOrangeTest.java:41)
</failure>
    <system-out><![CDATA[Test suite started
]]></system-out>
    <system-err><![CDATA[SLF4J: Failed to load class "org.slf4j.impl.StaticLoggerBinder".
SLF4J: Defaulting to no-operation (NOP) logger implementation
SLF4J: See http://www.slf4j.org/codes.html#StaticLoggerBinder for further details.
log4j:WARN No appenders could be found for logger (org.apache.http.client.protocol.RequestAddCookies).
log4j:WARN Please initialize the log4j system properly.
log4j:WARN See http://logging.apache.org/log4j/1.2/faq.html#noconfig for more info.
1672496969237	geckodriver	INFO	Listening on 127.0.0.1:46424
1672496969721	mozrunner::runner	INFO	Running command: "C:\\Program Files\\Mozilla Firefox\\firefox.exe" "--marionette" "-private" "-headless" "-no-remote" "-profile" "C:\\Users\\Windows\\AppData\\Local\\Temp\\rust_mozprofileROyZbW"
*** You are running in headless mode.
1672496971352	Marionette	INFO	Marionette enabled
1672496971371	Marionette	INFO	Listening on port 61200
Read port: 61200
1672496972545	RemoteAgent	WARN	TLS certificate errors will be ignored for this session
[GFX1-]: RenderCompositorSWGL failed mapping default framebuffer, no dt
console.warn: SearchSettings: "get: No settings file exists, new profile?" (new NotFoundError("Could not open the file at C:\\Users\\Windows\\AppData\\Local\\Temp\\rust_mozprofileROyZbW\\search.json.mozlz4", (void 0)))
JavaScript error: resource://gre/modules/XULStore.jsm, line 58: Error: Can't find profile directory.
JavaScript error: resource://gre/modules/XULStore.jsm, line 58: Error: Can't find profile directory.
Dec 31, 2022 7:59:36 PM org.openqa.selenium.remote.ProtocolHandshake createSession
INFO: Detected dialect: W3C
]]></system-err>
  </testcase>
  <testcase name="verifyInvalideCredentianal" classname="jt.test.loginOrangeTest" time="4.412"/>
  <testcase name="verifyInvalideCredentianal" classname="jt.test.loginOrangeTest" time="9.375"/>
  <testcase name="verifyInvalideCredentianal" classname="jt.test.loginOrangeTest" time="3.14"/>
  <testcase name="verifyUserAccount" classname="jt.test.DashboardTest" time="3.181"/>
</testsuite>